<?xml version="1.0" encoding="UTF-8"?>
<testsuite name="com.example.efub.seminar07.web.UserControllerTest" tests="3" skipped="0" failures="0" errors="0" timestamp="2022-05-10T11:28:29" hostname="Seonui-MacBookPro.local" time="0.239">
  <properties/>
  <testcase name="사용자없음_예외처리를한다()" classname="com.example.efub.seminar07.web.UserControllerTest" time="0.079"/>
  <testcase name="사용자_생성()" classname="com.example.efub.seminar07.web.UserControllerTest" time="0.15"/>
  <testcase name="사용자를_가져온다()" classname="com.example.efub.seminar07.web.UserControllerTest" time="0.007"/>
  <system-out><![CDATA[20:28:27.200 [Test worker] DEBUG org.springframework.test.context.BootstrapUtils - Instantiating CacheAwareContextLoaderDelegate from class [org.springframework.test.context.cache.DefaultCacheAwareContextLoaderDelegate]
20:28:27.212 [Test worker] DEBUG org.springframework.test.context.BootstrapUtils - Instantiating BootstrapContext using constructor [public org.springframework.test.context.support.DefaultBootstrapContext(java.lang.Class,org.springframework.test.context.CacheAwareContextLoaderDelegate)]
20:28:27.242 [Test worker] DEBUG org.springframework.test.context.BootstrapUtils - Instantiating TestContextBootstrapper for test class [com.example.efub.seminar07.web.UserControllerTest] from class [org.springframework.boot.test.autoconfigure.web.servlet.WebMvcTestContextBootstrapper]
20:28:27.253 [Test worker] INFO org.springframework.boot.test.autoconfigure.web.servlet.WebMvcTestContextBootstrapper - Neither @ContextConfiguration nor @ContextHierarchy found for test class [com.example.efub.seminar07.web.UserControllerTest], using SpringBootContextLoader
20:28:27.256 [Test worker] DEBUG org.springframework.test.context.support.AbstractContextLoader - Did not detect default resource location for test class [com.example.efub.seminar07.web.UserControllerTest]: class path resource [com/example/efub/seminar07/web/UserControllerTest-context.xml] does not exist
20:28:27.257 [Test worker] DEBUG org.springframework.test.context.support.AbstractContextLoader - Did not detect default resource location for test class [com.example.efub.seminar07.web.UserControllerTest]: class path resource [com/example/efub/seminar07/web/UserControllerTestContext.groovy] does not exist
20:28:27.257 [Test worker] INFO org.springframework.test.context.support.AbstractContextLoader - Could not detect default resource locations for test class [com.example.efub.seminar07.web.UserControllerTest]: no resource found for suffixes {-context.xml, Context.groovy}.
20:28:27.258 [Test worker] INFO org.springframework.test.context.support.AnnotationConfigContextLoaderUtils - Could not detect default configuration classes for test class [com.example.efub.seminar07.web.UserControllerTest]: UserControllerTest does not declare any static, non-private, non-final, nested classes annotated with @Configuration.
20:28:27.314 [Test worker] DEBUG org.springframework.test.context.support.ActiveProfilesUtils - Could not find an 'annotation declaring class' for annotation type [org.springframework.test.context.ActiveProfiles] and class [com.example.efub.seminar07.web.UserControllerTest]
20:28:27.364 [Test worker] DEBUG org.springframework.context.annotation.ClassPathScanningCandidateComponentProvider - Identified candidate component class: file [/Users/sunnylee/Desktop/22-1/EFUB/week7/seminar07/build/classes/java/main/com/example/efub/seminar07/Seminar07Application.class]
20:28:27.365 [Test worker] INFO org.springframework.boot.test.context.SpringBootTestContextBootstrapper - Found @SpringBootConfiguration com.example.efub.seminar07.Seminar07Application for test class com.example.efub.seminar07.web.UserControllerTest
20:28:27.368 [Test worker] DEBUG org.springframework.boot.test.autoconfigure.web.servlet.WebMvcTestContextBootstrapper - @TestExecutionListeners is not present for class [com.example.efub.seminar07.web.UserControllerTest]: using defaults.
20:28:27.369 [Test worker] INFO org.springframework.boot.test.autoconfigure.web.servlet.WebMvcTestContextBootstrapper - Loaded default TestExecutionListener class names from location [META-INF/spring.factories]: [org.springframework.boot.test.autoconfigure.restdocs.RestDocsTestExecutionListener, org.springframework.boot.test.autoconfigure.web.client.MockRestServiceServerResetTestExecutionListener, org.springframework.boot.test.autoconfigure.web.servlet.MockMvcPrintOnlyOnFailureTestExecutionListener, org.springframework.boot.test.autoconfigure.web.servlet.WebDriverTestExecutionListener, org.springframework.boot.test.autoconfigure.webservices.client.MockWebServiceServerTestExecutionListener, org.springframework.boot.test.mock.mockito.MockitoTestExecutionListener, org.springframework.boot.test.mock.mockito.ResetMocksTestExecutionListener, org.springframework.test.context.web.ServletTestExecutionListener, org.springframework.test.context.support.DirtiesContextBeforeModesTestExecutionListener, org.springframework.test.context.event.ApplicationEventsTestExecutionListener, org.springframework.test.context.support.DependencyInjectionTestExecutionListener, org.springframework.test.context.support.DirtiesContextTestExecutionListener, org.springframework.test.context.transaction.TransactionalTestExecutionListener, org.springframework.test.context.jdbc.SqlScriptsTestExecutionListener, org.springframework.test.context.event.EventPublishingTestExecutionListener]
20:28:27.386 [Test worker] INFO org.springframework.boot.test.autoconfigure.web.servlet.WebMvcTestContextBootstrapper - Using TestExecutionListeners: [org.springframework.test.context.web.ServletTestExecutionListener@6ea1bcdc, org.springframework.test.context.support.DirtiesContextBeforeModesTestExecutionListener@759fad4, org.springframework.test.context.event.ApplicationEventsTestExecutionListener@64712be, org.springframework.boot.test.mock.mockito.MockitoTestExecutionListener@53499d85, org.springframework.boot.test.autoconfigure.SpringBootDependencyInjectionTestExecutionListener@30ed9c6c, org.springframework.test.context.support.DirtiesContextTestExecutionListener@782a4fff, org.springframework.test.context.transaction.TransactionalTestExecutionListener@46c670a6, org.springframework.test.context.jdbc.SqlScriptsTestExecutionListener@59fc684e, org.springframework.test.context.event.EventPublishingTestExecutionListener@5ae81e1, org.springframework.boot.test.autoconfigure.restdocs.RestDocsTestExecutionListener@2fd1731c, org.springframework.boot.test.autoconfigure.web.client.MockRestServiceServerResetTestExecutionListener@5ae76500, org.springframework.boot.test.autoconfigure.web.servlet.MockMvcPrintOnlyOnFailureTestExecutionListener@6063d80a, org.springframework.boot.test.autoconfigure.web.servlet.WebDriverTestExecutionListener@1133ec6e, org.springframework.boot.test.autoconfigure.webservices.client.MockWebServiceServerTestExecutionListener@355e34c7, org.springframework.boot.test.mock.mockito.ResetMocksTestExecutionListener@54709809]
20:28:27.389 [Test worker] DEBUG org.springframework.test.context.support.AbstractDirtiesContextTestExecutionListener - Before test class: context [DefaultTestContext@29876704 testClass = UserControllerTest, testInstance = [null], testMethod = [null], testException = [null], mergedContextConfiguration = [WebMergedContextConfiguration@4816c290 testClass = UserControllerTest, locations = '{}', classes = '{class com.example.efub.seminar07.Seminar07Application}', contextInitializerClasses = '[]', activeProfiles = '{}', propertySourceLocations = '{}', propertySourceProperties = '{org.springframework.boot.test.autoconfigure.web.servlet.WebMvcTestContextBootstrapper=true}', contextCustomizers = set[org.springframework.boot.test.autoconfigure.OverrideAutoConfigurationContextCustomizerFactory$DisableAutoConfigurationContextCustomizer@67ab1c47, org.springframework.boot.test.autoconfigure.actuate.metrics.MetricsExportContextCustomizerFactory$DisableMetricExportContextCustomizer@5b444398, org.springframework.boot.test.autoconfigure.filter.TypeExcludeFiltersContextCustomizer@c957ad74, org.springframework.boot.test.autoconfigure.properties.PropertyMappingContextCustomizer@4a72eeba, org.springframework.boot.test.autoconfigure.web.servlet.WebDriverContextCustomizerFactory$Customizer@3d484181, [ImportsContextCustomizer@4940809c key = [org.springframework.boot.autoconfigure.cache.CacheAutoConfiguration, org.springframework.boot.autoconfigure.context.MessageSourceAutoConfiguration, org.springframework.boot.autoconfigure.data.web.SpringDataWebAutoConfiguration, org.springframework.boot.autoconfigure.freemarker.FreeMarkerAutoConfiguration, org.springframework.boot.autoconfigure.groovy.template.GroovyTemplateAutoConfiguration, org.springframework.boot.autoconfigure.gson.GsonAutoConfiguration, org.springframework.boot.autoconfigure.hateoas.HypermediaAutoConfiguration, org.springframework.boot.autoconfigure.http.HttpMessageConvertersAutoConfiguration, org.springframework.boot.autoconfigure.jackson.JacksonAutoConfiguration, org.springframework.boot.autoconfigure.jsonb.JsonbAutoConfiguration, org.springframework.boot.autoconfigure.mustache.MustacheAutoConfiguration, org.springframework.boot.autoconfigure.task.TaskExecutionAutoConfiguration, org.springframework.boot.autoconfigure.thymeleaf.ThymeleafAutoConfiguration, org.springframework.boot.autoconfigure.validation.ValidationAutoConfiguration, org.springframework.boot.autoconfigure.web.servlet.error.ErrorMvcAutoConfiguration, org.springframework.boot.autoconfigure.web.servlet.HttpEncodingAutoConfiguration, org.springframework.boot.autoconfigure.web.servlet.WebMvcAutoConfiguration, org.springframework.boot.test.autoconfigure.web.servlet.MockMvcAutoConfiguration, org.springframework.boot.test.autoconfigure.web.servlet.MockMvcWebClientAutoConfiguration, org.springframework.boot.test.autoconfigure.web.servlet.MockMvcWebDriverAutoConfiguration, org.springframework.boot.autoconfigure.security.oauth2.client.servlet.OAuth2ClientAutoConfiguration, org.springframework.boot.autoconfigure.security.oauth2.resource.servlet.OAuth2ResourceServerAutoConfiguration, org.springframework.boot.autoconfigure.security.servlet.SecurityAutoConfiguration, org.springframework.boot.autoconfigure.security.servlet.SecurityFilterAutoConfiguration, org.springframework.boot.autoconfigure.security.servlet.UserDetailsServiceAutoConfiguration, org.springframework.boot.test.autoconfigure.web.servlet.MockMvcSecurityConfiguration, org.springframework.boot.test.autoconfigure.web.reactive.WebTestClientAutoConfiguration]], org.springframework.boot.test.context.filter.ExcludeFilterContextCustomizer@3234f74e, org.springframework.boot.test.json.DuplicateJsonObjectContextCustomizerFactory$DuplicateJsonObjectContextCustomizer@40e10ff8, org.springframework.boot.test.mock.mockito.MockitoContextCustomizer@9a92f7a4, org.springframework.boot.test.context.SpringBootTestArgs@1, org.springframework.boot.test.context.SpringBootTestWebEnvironment@0], resourceBasePath = 'src/main/webapp', contextLoader = 'org.springframework.boot.test.context.SpringBootContextLoader', parent = [null]], attributes = map[[empty]]], class annotated with @DirtiesContext [false] with mode [null].

  .   ____          _            __ _ _
 /\\ / ___'_ __ _ _(_)_ __  __ _ \ \ \ \
( ( )\___ | '_ | '_| | '_ \/ _` | \ \ \ \
 \\/  ___)| |_)| | | | | || (_| |  ) ) ) )
  '  |____| .__|_| |_|_| |_\__, | / / / /
 =========|_|==============|___/=/_/_/_/
 :: Spring Boot ::                (v2.6.7)

2022-05-10 20:28:28.161  INFO 86606 --- [    Test worker] c.e.e.seminar07.web.UserControllerTest   : Starting UserControllerTest using Java 11.0.11 on Seonui-MacBookPro.local with PID 86606 (started by sunnylee in /Users/sunnylee/Desktop/22-1/EFUB/week7/seminar07)
2022-05-10 20:28:28.163  INFO 86606 --- [    Test worker] c.e.e.seminar07.web.UserControllerTest   : No active profile set, falling back to 1 default profile: "default"
2022-05-10 20:28:29.474  INFO 86606 --- [    Test worker] o.s.b.t.m.w.SpringBootMockServletContext : Initializing Spring TestDispatcherServlet ''
2022-05-10 20:28:29.474  INFO 86606 --- [    Test worker] o.s.t.web.servlet.TestDispatcherServlet  : Initializing Servlet ''
2022-05-10 20:28:29.475  INFO 86606 --- [    Test worker] o.s.t.web.servlet.TestDispatcherServlet  : Completed initialization in 1 ms
2022-05-10 20:28:29.497  INFO 86606 --- [    Test worker] c.e.e.seminar07.web.UserControllerTest   : Started UserControllerTest in 2.07 seconds (JVM running for 3.042)
]]></system-out>
  <system-err><![CDATA[]]></system-err>
</testsuite>
